<?xml version="1.0" encoding="UTF-8"?>
<!-- Generated by org.testng.reporters.JUnitReportReporter -->
<testsuite hostname="ITEM-S102381" failures="0" tests="1" name="Academy.E2ETest.ValidateTitle" time="0.329" errors="0" timestamp="04 May 2021 15:11:26 GMT" skipped="0">
  <testcase classname="Academy.E2ETest.ValidateTitle" name="validateAppTitle" time="0.329"/>
</testsuite> <!-- Academy.E2ETest.ValidateTitle -->
