<?xml version="1.0" encoding="UTF-8"?>
<!-- Generated by org.testng.reporters.JUnitReportReporter -->
<testsuite hostname="ITEM-S102381" failures="0" tests="1" name="Academy.E2ETest.ValidateNavigations" time="0.351" errors="0" timestamp="29 Apr 2021 11:03:39 GMT" skipped="0">
  <testcase classname="Academy.E2ETest.ValidateNavigations" name="basePageNavigation" time="0.351"/>
</testsuite> <!-- Academy.E2ETest.ValidateNavigations -->
