<?xml version="1.0" encoding="UTF-8"?>
<!-- Generated by org.testng.reporters.JUnitReportReporter -->
<testsuite hostname="ITEM-S102381" failures="0" tests="2" name="Academy.E2ETest.HomePage" time="12.800" errors="0" timestamp="29 Apr 2021 12:35:02 GMT" skipped="0">
  <testcase classname="Academy.E2ETest.HomePage" name="basePageNavigation" time="7.048"/>
  <testcase classname="Academy.E2ETest.HomePage" name="basePageNavigation" time="5.752"/>
</testsuite> <!-- Academy.E2ETest.HomePage -->
