<?xml version="1.0" encoding="UTF-8"?>
<!-- Generated by org.testng.reporters.JUnitReportReporter -->
<testsuite skipped="0" hostname="ITEM-S102381" name="Academy.E2ETest.HomePage" tests="2" failures="0" timestamp="29 Apr 2021 13:54:20 GMT" time="38.484" errors="0">
  <testcase name="basePageNavigation" time="6.358" classname="Academy.E2ETest.HomePage"/>
  <testcase name="basePageNavigation" time="32.126" classname="Academy.E2ETest.HomePage"/>
</testsuite> <!-- Academy.E2ETest.HomePage -->
