<?xml version="1.0" encoding="UTF-8"?>
<!-- Generated by org.testng.reporters.JUnitReportReporter -->
<testsuite skipped="0" hostname="ITEM-S102381" name="Academy.E2ETest.ValidateTitle" tests="1" failures="0" timestamp="04 May 2021 15:12:29 GMT" time="0.108" errors="0">
  <testcase name="validateAppTitle" time="0.108" classname="Academy.E2ETest.ValidateTitle"/>
</testsuite> <!-- Academy.E2ETest.ValidateTitle -->
