<?xml version="1.0" encoding="UTF-8"?>
<!-- Generated by org.testng.reporters.JUnitReportReporter -->
<testsuite skipped="0" hostname="ITEM-S102381" name="Academy.E2ETest.ValidateNavigations" tests="1" failures="0" timestamp="29 Apr 2021 13:54:20 GMT" time="0.497" errors="0">
  <testcase name="basePageNavigation" time="0.497" classname="Academy.E2ETest.ValidateNavigations"/>
</testsuite> <!-- Academy.E2ETest.ValidateNavigations -->
