<?xml version="1.0" encoding="UTF-8"?>
<!-- Generated by org.testng.reporters.JUnitReportReporter -->
<testsuite skipped="0" hostname="ITEM-S102381" name="Academy.E2ETest.HomePage" tests="2" failures="0" timestamp="04 May 2021 15:12:29 GMT" time="15.099" errors="0">
  <testcase name="basePageNavigation" time="12.016" classname="Academy.E2ETest.HomePage"/>
  <testcase name="basePageNavigation" time="3.083" classname="Academy.E2ETest.HomePage"/>
</testsuite> <!-- Academy.E2ETest.HomePage -->
