<?xml version="1.0" encoding="UTF-8"?>
<!-- Generated by org.testng.reporters.JUnitReportReporter -->
<testsuite skipped="0" hostname="ITEM-S102381" name="Academy.E2ETest.ValidateNavigations" tests="1" failures="0" timestamp="04 May 2021 15:12:29 GMT" time="0.212" errors="0">
  <testcase name="basePageNavigation" time="0.212" classname="Academy.E2ETest.ValidateNavigations"/>
</testsuite> <!-- Academy.E2ETest.ValidateNavigations -->
